f:\working\c++\stl\algorithm\debug\vc141.pdb
f:\working\c++\stl\algorithm\debug\vc141.idb
f:\working\c++\stl\algorithm\debug\main.obj
f:\working\c++\stl\algorithm\debug\demo.obj
g:\github\test_demo\test_demo\c++\stl\algorithm\debug\vc141.pdb
g:\github\test_demo\test_demo\c++\stl\algorithm\debug\vc141.idb
g:\github\test_demo\test_demo\c++\stl\algorithm\debug\max_min.obj
g:\github\test_demo\test_demo\c++\stl\algorithm\debug\main.obj
g:\github\test_demo\test_demo\c++\stl\algorithm\debug\find_search.obj
g:\github\test_demo\test_demo\c++\stl\algorithm\debug\count.obj
f:\working\c++\stl\vector\debug\algorithm.ilk
f:\working\c++\stl\vector\debug\algorithm.exe
f:\working\c++\stl\vector\debug\algorithm.pdb
g:\github\test_demo\test_demo\c++\stl\vector\debug\algorithm.ilk
g:\github\test_demo\test_demo\c++\stl\vector\debug\algorithm.exe
g:\github\test_demo\test_demo\c++\stl\vector\debug\algorithm.pdb
g:\github\test_demo\test_demo\c++\stl\algorithm\debug\demo.obj
g:\github\test_demo\test_demo\c++\stl\algorithm\debug\algorithm.tlog\cl.command.1.tlog
g:\github\test_demo\test_demo\c++\stl\algorithm\debug\algorithm.tlog\cl.read.1.tlog
g:\github\test_demo\test_demo\c++\stl\algorithm\debug\algorithm.tlog\cl.write.1.tlog
g:\github\test_demo\test_demo\c++\stl\algorithm\debug\algorithm.tlog\link.command.1.tlog
g:\github\test_demo\test_demo\c++\stl\algorithm\debug\algorithm.tlog\link.read.1.tlog
g:\github\test_demo\test_demo\c++\stl\algorithm\debug\algorithm.tlog\link.write.1.tlog
